<?xml version="1.0" encoding="UTF-8"?>
<!-- Generated by org.testng.reporters.JUnitReportReporter -->
<testsuite skipped="0" hostname="Vidush-M-Aric" name="com.vtigercrm.orgTest.CreateOrgTest" tests="1" failures="0" timestamp="2020-08-09T14:13:34 IST" time="35.850" errors="0">
  <testcase name="createOrgTest" time="35.850" classname="com.vtigercrm.orgTest.CreateOrgTest"/>
  <system-out/>
</testsuite> <!-- com.vtigercrm.orgTest.CreateOrgTest -->
