<?xml version="1.0" encoding="UTF-8"?>
<!-- Generated by org.testng.reporters.JUnitReportReporter -->
<testsuite skipped="0" hostname="Vidush-M-Aric" name="com.vtigercrm.orgTest.Sample" tests="1" failures="0" timestamp="2020-08-09T12:15:09 IST" time="18.657" errors="0">
  <testcase name="sample" time="18.657" classname="com.vtigercrm.orgTest.Sample"/>
  <system-out/>
</testsuite> <!-- com.vtigercrm.orgTest.Sample -->
