<?xml version="1.0" encoding="UTF-8"?>
<!-- Generated by org.testng.reporters.JUnitReportReporter -->
<testsuite skipped="0" hostname="Vidush-M-Aric" name="com.vtigercrm.contacttest.CreateContactWithOrgnameTest" tests="1" failures="0" timestamp="2020-08-05T09:23:34 IST" time="49.712" errors="0">
  <testcase name="createContactWithOrgnameTest" time="49.712" classname="com.vtigercrm.contacttest.CreateContactWithOrgnameTest"/>
  <system-out/>
</testsuite> <!-- com.vtigercrm.contacttest.CreateContactWithOrgnameTest -->
