<?xml version="1.0" encoding="UTF-8"?>
<!-- Generated by org.testng.reporters.JUnitReportReporter -->
<testsuite skipped="0" hostname="Vidush-M-Aric" name="com.vtigercrm.orgTest.TestSma" tests="1" failures="0" timestamp="2020-08-09T13:44:30 IST" time="91.958" errors="0">
  <testcase name="test" time="91.958" classname="com.vtigercrm.orgTest.TestSma"/>
  <system-out/>
</testsuite> <!-- com.vtigercrm.orgTest.TestSma -->
